<?xml version="1.0" encoding="UTF-8"?>
<testng-results total="4" passed="4" failed="0" skipped="0">
  <reporter-output>
  </reporter-output>
  <suite started-at="2020-06-10T18:45:13Z" name="Suite" finished-at="2020-06-10T18:45:51Z" duration-ms="38247">
    <groups>
    </groups>
    <test started-at="2020-06-10T18:45:13Z" name="Test" finished-at="2020-06-10T18:45:51Z" duration-ms="38247">
      <class name="Maven.BrowserStackDemo2">
        <test-method signature="Login(org.openqa.selenium.Platform, java.lang.String, java.lang.String)[pri:0, instance:Maven.BrowserStackDemo2@50029372]" started-at="2020-06-10T14:45:30Z" name="Login" data-provider="browserStackTestData" finished-at="2020-06-10T14:45:51Z" duration-ms="20479" status="PASS">
          <params>
            <param index="0">
              <value>
                <![CDATA[WINDOWS]]>
              </value>
            </param>
            <param index="1">
              <value>
                <![CDATA[firefox]]>
              </value>
            </param>
            <param index="2">
              <value>
                <![CDATA[1024x768]]>
              </value>
            </param>
          </params>
          <reporter-output>
          </reporter-output>
        </test-method> <!-- Login -->
        <test-method signature="Login(org.openqa.selenium.Platform, java.lang.String, java.lang.String)[pri:0, instance:Maven.BrowserStackDemo2@50029372]" started-at="2020-06-10T14:45:30Z" name="Login" data-provider="browserStackTestData" finished-at="2020-06-10T14:45:42Z" duration-ms="11095" status="PASS">
          <params>
            <param index="0">
              <value>
                <![CDATA[MAC]]>
              </value>
            </param>
            <param index="1">
              <value>
                <![CDATA[chrome]]>
              </value>
            </param>
            <param index="2">
              <value>
                <![CDATA[1280x1024]]>
              </value>
            </param>
          </params>
          <reporter-output>
          </reporter-output>
        </test-method> <!-- Login -->
      </class> <!-- Maven.BrowserStackDemo2 -->
      <class name="Maven.BrowserStackDemo1">
        <test-method signature="openBI(org.openqa.selenium.Platform, java.lang.String, java.lang.String)[pri:0, instance:Maven.BrowserStackDemo1@5167f57d]" started-at="2020-06-10T14:45:13Z" name="openBI" data-provider="browserStackTestData" finished-at="2020-06-10T14:45:24Z" duration-ms="11732" status="PASS">
          <params>
            <param index="0">
              <value>
                <![CDATA[MAC]]>
              </value>
            </param>
            <param index="1">
              <value>
                <![CDATA[chrome]]>
              </value>
            </param>
            <param index="2">
              <value>
                <![CDATA[1280x1024]]>
              </value>
            </param>
          </params>
          <reporter-output>
          </reporter-output>
        </test-method> <!-- openBI -->
        <test-method signature="openBI(org.openqa.selenium.Platform, java.lang.String, java.lang.String)[pri:0, instance:Maven.BrowserStackDemo1@5167f57d]" started-at="2020-06-10T14:45:13Z" name="openBI" data-provider="browserStackTestData" finished-at="2020-06-10T14:45:30Z" duration-ms="17740" status="PASS">
          <params>
            <param index="0">
              <value>
                <![CDATA[WINDOWS]]>
              </value>
            </param>
            <param index="1">
              <value>
                <![CDATA[firefox]]>
              </value>
            </param>
            <param index="2">
              <value>
                <![CDATA[1024x768]]>
              </value>
            </param>
          </params>
          <reporter-output>
          </reporter-output>
        </test-method> <!-- openBI -->
      </class> <!-- Maven.BrowserStackDemo1 -->
    </test> <!-- Test -->
  </suite> <!-- Suite -->
</testng-results>
