<?xml version="1.0" encoding="UTF-8"?>
<testsuite xmlns:xsi="http://www.w3.org/2001/XMLSchema-instance" xsi:noNamespaceSchemaLocation="https://maven.apache.org/surefire/maven-surefire-plugin/xsd/surefire-test-report-3.0.xsd" version="3.0" name="TestSuite" time="39.445" tests="4" errors="0" skipped="0" failures="0">
  <properties>
[...]
</properties>
  <testcase name="openBI" classname="Maven.BrowserStackDemo1" time="11.732"/>
  <testcase name="openBI" classname="Maven.BrowserStackDemo1" time="17.739"/>
  <testcase name="Login" classname="Maven.BrowserStackDemo2" time="11.095"/>
  <testcase name="Login" classname="Maven.BrowserStackDemo2" time="20.479"/>
</testsuite>